<?xml version="1.0" encoding="UTF-8"?>
<testng-results skipped="0" failed="0" ignored="0" total="1" passed="1">
  <reporter-output>
  </reporter-output>
  <suite name="Default suite" duration-ms="4172" started-at="2022-04-15T20:26:11 CDT" finished-at="2022-04-15T20:26:15 CDT">
    <groups>
    </groups>
    <test name="Default test" duration-ms="4172" started-at="2022-04-15T20:26:11 CDT" finished-at="2022-04-15T20:26:15 CDT">
      <class name="test.AddContactTest">
        <test-method status="PASS" signature="validUSerShouldBeAbleToAddCustomer()[pri:0, instance:test.AddContactTest@59906517]" name="validUSerShouldBeAbleToAddCustomer" duration-ms="4152" started-at="2022-04-15T20:26:11 CDT" finished-at="2022-04-15T20:26:15 CDT">
          <reporter-output>
          </reporter-output>
        </test-method> <!-- validUSerShouldBeAbleToAddCustomer -->
      </class> <!-- test.AddContactTest -->
    </test> <!-- Default test -->
  </suite> <!-- Default suite -->
</testng-results>
